<?xml version="1.0" encoding="UTF-8"?>
<testsuite name="SILab2Test" tests="1" skipped="0" failures="0" errors="0" timestamp="2025-05-24T21:55:22" hostname="MISHO" time="0.02">
  <properties/>
  <testcase name="testMultipleCondition()" classname="SILab2Test" time="0.02"/>
  <system-out><![CDATA[]]></system-out>
  <system-err><![CDATA[]]></system-err>
</testsuite>
